2023-05-03 09:09:10,481 INFO org.springframework.boot.StartupInfoLogger [restartedMain] Starting RaithannaDairyApplication using Java 17.0.6 on SATHWIK with PID 8668 (C:\kalyan\jrtp\git practice\kalyan-merged-26-04-2023-main\target\classes started by krao6 in C:\kalyan\jrtp\git practice\kalyan-merged-26-04-2023-main)
2023-05-03 09:09:10,486 INFO org.springframework.boot.SpringApplication [restartedMain] No active profile set, falling back to 1 default profile: "default"
2023-05-03 09:09:10,571 INFO org.springframework.boot.logging.DeferredLog [restartedMain] Devtools property defaults active! Set 'spring.devtools.add-properties' to 'false' to disable
2023-05-03 09:09:10,572 INFO org.springframework.boot.logging.DeferredLog [restartedMain] For additional web related logging consider setting the 'logging.level.web' property to 'DEBUG'
2023-05-03 09:09:11,555 INFO org.springframework.data.repository.config.RepositoryConfigurationDelegate [restartedMain] Multiple Spring Data modules found, entering strict repository configuration mode
2023-05-03 09:09:11,557 INFO org.springframework.data.repository.config.RepositoryConfigurationDelegate [restartedMain] Bootstrapping Spring Data JPA repositories in DEFAULT mode.
2023-05-03 09:09:11,765 INFO org.springframework.data.repository.config.RepositoryConfigurationDelegate [restartedMain] Finished Spring Data repository scanning in 196 ms. Found 10 JPA repository interfaces.
2023-05-03 09:09:12,631 INFO org.springframework.boot.web.embedded.tomcat.TomcatWebServer [restartedMain] Tomcat initialized with port(s): 9191 (http)
2023-05-03 09:09:12,644 INFO org.apache.juli.logging.DirectJDKLog [restartedMain] Initializing ProtocolHandler ["http-nio-9191"]
2023-05-03 09:09:12,645 INFO org.apache.juli.logging.DirectJDKLog [restartedMain] Starting service [Tomcat]
2023-05-03 09:09:12,645 INFO org.apache.juli.logging.DirectJDKLog [restartedMain] Starting Servlet engine: [Apache Tomcat/9.0.68]
2023-05-03 09:09:12,780 INFO org.apache.juli.logging.DirectJDKLog [restartedMain] Initializing Spring embedded WebApplicationContext
2023-05-03 09:09:12,780 INFO org.springframework.boot.web.servlet.context.ServletWebServerApplicationContext [restartedMain] Root WebApplicationContext: initialization completed in 2206 ms
2023-05-03 09:09:12,938 INFO com.zaxxer.hikari.HikariDataSource [restartedMain] HikariPool-1 - Starting...
2023-05-03 09:09:13,377 INFO com.zaxxer.hikari.HikariDataSource [restartedMain] HikariPool-1 - Start completed.
2023-05-03 09:09:13,577 INFO org.hibernate.jpa.internal.util.LogHelper [restartedMain] HHH000204: Processing PersistenceUnitInfo [name: default]
2023-05-03 09:09:13,715 INFO org.hibernate.Version [restartedMain] HHH000412: Hibernate ORM core version 5.6.12.Final
2023-05-03 09:09:14,027 INFO org.hibernate.annotations.common.reflection.java.JavaReflectionManager [restartedMain] HCANN000001: Hibernate Commons Annotations {5.1.2.Final}
2023-05-03 09:09:14,299 INFO org.hibernate.dialect.Dialect [restartedMain] HHH000400: Using dialect: org.hibernate.dialect.MySQL5InnoDBDialect
2023-05-03 09:09:15,262 INFO org.hibernate.engine.transaction.jta.platform.internal.JtaPlatformInitiator [restartedMain] HHH000490: Using JtaPlatform implementation: [org.hibernate.engine.transaction.jta.platform.internal.NoJtaPlatform]
2023-05-03 09:09:15,270 INFO org.springframework.orm.jpa.AbstractEntityManagerFactoryBean [restartedMain] Initialized JPA EntityManagerFactory for persistence unit 'default'
2023-05-03 09:09:16,115 WARN org.springframework.boot.autoconfigure.orm.jpa.JpaBaseConfiguration$JpaWebConfiguration [restartedMain] spring.jpa.open-in-view is enabled by default. Therefore, database queries may be performed during view rendering. Explicitly configure spring.jpa.open-in-view to disable this warning
2023-05-03 09:09:16,690 INFO com.azure.core.util.logging.ClientLogger [restartedMain] Package versions: jackson-core=2.13.4, jackson-databind=2.13.4-2, jackson-dataformat-xml=2.13.4, jackson-datatype-jsr310=2.13.4, azure-core=1.32.0, Troubleshooting version conflicts: https://aka.ms/azsdk/java/dependency/troubleshoot
2023-05-03 09:09:16,825 INFO com.azure.spring.cloud.core.implementation.factory.AbstractAzureServiceClientBuilderFactory [restartedMain] Will configure the default credential of type DefaultAzureCredential for class com.azure.identity.DefaultAzureCredentialBuilder.
2023-05-03 09:09:17,133 INFO org.springframework.boot.devtools.autoconfigure.OptionalLiveReloadServer [restartedMain] LiveReload server is running on port 35729
2023-05-03 09:09:17,148 INFO org.apache.juli.logging.DirectJDKLog [restartedMain] Starting ProtocolHandler ["http-nio-9191"]
2023-05-03 09:09:17,180 INFO org.springframework.boot.web.embedded.tomcat.TomcatWebServer [restartedMain] Tomcat started on port(s): 9191 (http) with context path ''
2023-05-03 09:09:17,198 INFO org.springframework.scheduling.annotation.ScheduledAnnotationBeanPostProcessor [restartedMain] No TaskScheduler/ScheduledExecutorService bean found for scheduled processing
2023-05-03 09:09:17,212 INFO org.springframework.boot.StartupInfoLogger [restartedMain] Started RaithannaDairyApplication in 7.278 seconds (JVM running for 8.592)
2023-05-03 09:09:32,073 INFO org.apache.juli.logging.DirectJDKLog [http-nio-9191-exec-1] Initializing Spring DispatcherServlet 'dispatcherServlet'
2023-05-03 09:09:32,073 INFO org.springframework.web.servlet.FrameworkServlet [http-nio-9191-exec-1] Initializing Servlet 'dispatcherServlet'
2023-05-03 09:09:32,074 INFO org.springframework.web.servlet.FrameworkServlet [http-nio-9191-exec-1] Completed initialization in 0 ms
2023-05-03 09:09:36,285 INFO com.raithanna.dairy.RaithannaDairy.controller.homeContoller [http-nio-9191-exec-5] home method info
2023-05-03 09:09:36,286 WARN com.raithanna.dairy.RaithannaDairy.controller.homeContoller [http-nio-9191-exec-5] home method warning
2023-05-03 09:09:36,287 ERROR com.raithanna.dairy.RaithannaDairy.controller.homeContoller [http-nio-9191-exec-5] home method error
2023-05-03 09:31:56,347 WARN org.springframework.web.servlet.handler.AbstractHandlerExceptionResolver [http-nio-9191-exec-2] Resolved [org.springframework.http.converter.HttpMessageNotReadableException: JSON parse error: Cannot deserialize value of type `java.time.LocalDate` from String "NDPL_004_2023-05-03_1": Failed to deserialize java.time.LocalDate: (java.time.format.DateTimeParseException) Text 'NDPL_004_2023-05-03_1' could not be parsed at index 0; nested exception is com.fasterxml.jackson.databind.exc.InvalidFormatException: Cannot deserialize value of type `java.time.LocalDate` from String "NDPL_004_2023-05-03_1": Failed to deserialize java.time.LocalDate: (java.time.format.DateTimeParseException) Text 'NDPL_004_2023-05-03_1' could not be parsed at index 0<EOL> at [Source: (org.springframework.util.StreamUtils$NonClosingInputStream); line: 1, column: 24] (through reference chain: java.util.ArrayList[0]->com.raithanna.dairy.RaithannaDairy.models.purchaseOrder["invDate"])]
2023-05-03 09:34:39,624 INFO org.springframework.orm.jpa.AbstractEntityManagerFactoryBean [SpringApplicationShutdownHook] Closing JPA EntityManagerFactory for persistence unit 'default'
2023-05-03 09:34:39,624 INFO com.zaxxer.hikari.HikariDataSource [SpringApplicationShutdownHook] HikariPool-1 - Shutdown initiated...
2023-05-03 09:34:39,639 INFO com.zaxxer.hikari.HikariDataSource [SpringApplicationShutdownHook] HikariPool-1 - Shutdown completed.
2023-05-03 17:11:21,031 INFO org.springframework.boot.StartupInfoLogger [restartedMain] Starting RaithannaDairyApplication using Java 17.0.6 on SATHWIK with PID 24904 (C:\kalyan\jrtp\git practice\kalyan-merged-26-04-2023-main\target\classes started by krao6 in C:\kalyan\jrtp\git practice\kalyan-merged-26-04-2023-main)
2023-05-03 17:11:21,036 INFO org.springframework.boot.SpringApplication [restartedMain] No active profile set, falling back to 1 default profile: "default"
2023-05-03 17:11:21,094 INFO org.springframework.boot.logging.DeferredLog [restartedMain] Devtools property defaults active! Set 'spring.devtools.add-properties' to 'false' to disable
2023-05-03 17:11:21,094 INFO org.springframework.boot.logging.DeferredLog [restartedMain] For additional web related logging consider setting the 'logging.level.web' property to 'DEBUG'
2023-05-03 17:11:21,914 INFO org.springframework.data.repository.config.RepositoryConfigurationDelegate [restartedMain] Multiple Spring Data modules found, entering strict repository configuration mode
2023-05-03 17:11:21,916 INFO org.springframework.data.repository.config.RepositoryConfigurationDelegate [restartedMain] Bootstrapping Spring Data JPA repositories in DEFAULT mode.
2023-05-03 17:11:22,048 INFO org.springframework.data.repository.config.RepositoryConfigurationDelegate [restartedMain] Finished Spring Data repository scanning in 125 ms. Found 10 JPA repository interfaces.
2023-05-03 17:11:22,863 INFO org.springframework.boot.web.embedded.tomcat.TomcatWebServer [restartedMain] Tomcat initialized with port(s): 9191 (http)
2023-05-03 17:11:22,878 INFO org.apache.juli.logging.DirectJDKLog [restartedMain] Initializing ProtocolHandler ["http-nio-9191"]
2023-05-03 17:11:22,878 INFO org.apache.juli.logging.DirectJDKLog [restartedMain] Starting service [Tomcat]
2023-05-03 17:11:22,879 INFO org.apache.juli.logging.DirectJDKLog [restartedMain] Starting Servlet engine: [Apache Tomcat/9.0.68]
2023-05-03 17:11:22,975 INFO org.apache.juli.logging.DirectJDKLog [restartedMain] Initializing Spring embedded WebApplicationContext
2023-05-03 17:11:22,975 INFO org.springframework.boot.web.servlet.context.ServletWebServerApplicationContext [restartedMain] Root WebApplicationContext: initialization completed in 1880 ms
2023-05-03 17:11:23,112 INFO com.zaxxer.hikari.HikariDataSource [restartedMain] HikariPool-1 - Starting...
2023-05-03 17:11:23,503 INFO com.zaxxer.hikari.HikariDataSource [restartedMain] HikariPool-1 - Start completed.
2023-05-03 17:11:23,682 INFO org.hibernate.jpa.internal.util.LogHelper [restartedMain] HHH000204: Processing PersistenceUnitInfo [name: default]
2023-05-03 17:11:23,762 INFO org.hibernate.Version [restartedMain] HHH000412: Hibernate ORM core version 5.6.12.Final
2023-05-03 17:11:23,957 INFO org.hibernate.annotations.common.reflection.java.JavaReflectionManager [restartedMain] HCANN000001: Hibernate Commons Annotations {5.1.2.Final}
2023-05-03 17:11:24,091 INFO org.hibernate.dialect.Dialect [restartedMain] HHH000400: Using dialect: org.hibernate.dialect.MySQL5InnoDBDialect
2023-05-03 17:11:24,732 INFO org.hibernate.engine.transaction.jta.platform.internal.JtaPlatformInitiator [restartedMain] HHH000490: Using JtaPlatform implementation: [org.hibernate.engine.transaction.jta.platform.internal.NoJtaPlatform]
2023-05-03 17:11:24,738 INFO org.springframework.orm.jpa.AbstractEntityManagerFactoryBean [restartedMain] Initialized JPA EntityManagerFactory for persistence unit 'default'
2023-05-03 17:11:25,339 WARN org.springframework.boot.autoconfigure.orm.jpa.JpaBaseConfiguration$JpaWebConfiguration [restartedMain] spring.jpa.open-in-view is enabled by default. Therefore, database queries may be performed during view rendering. Explicitly configure spring.jpa.open-in-view to disable this warning
2023-05-03 17:11:25,803 INFO com.azure.core.util.logging.ClientLogger [restartedMain] Package versions: jackson-core=2.13.4, jackson-databind=2.13.4-2, jackson-dataformat-xml=2.13.4, jackson-datatype-jsr310=2.13.4, azure-core=1.32.0, Troubleshooting version conflicts: https://aka.ms/azsdk/java/dependency/troubleshoot
2023-05-03 17:11:25,907 INFO com.azure.spring.cloud.core.implementation.factory.AbstractAzureServiceClientBuilderFactory [restartedMain] Will configure the default credential of type DefaultAzureCredential for class com.azure.identity.DefaultAzureCredentialBuilder.
2023-05-03 17:11:26,146 INFO org.springframework.boot.devtools.autoconfigure.OptionalLiveReloadServer [restartedMain] LiveReload server is running on port 35729
2023-05-03 17:11:26,159 INFO org.apache.juli.logging.DirectJDKLog [restartedMain] Starting ProtocolHandler ["http-nio-9191"]
2023-05-03 17:11:26,189 INFO org.springframework.boot.web.embedded.tomcat.TomcatWebServer [restartedMain] Tomcat started on port(s): 9191 (http) with context path ''
2023-05-03 17:11:26,201 INFO org.springframework.scheduling.annotation.ScheduledAnnotationBeanPostProcessor [restartedMain] No TaskScheduler/ScheduledExecutorService bean found for scheduled processing
2023-05-03 17:11:26,212 INFO org.springframework.boot.StartupInfoLogger [restartedMain] Started RaithannaDairyApplication in 5.689 seconds (JVM running for 6.573)
2023-05-03 17:11:34,248 INFO org.apache.juli.logging.DirectJDKLog [http-nio-9191-exec-1] Initializing Spring DispatcherServlet 'dispatcherServlet'
2023-05-03 17:11:34,248 INFO org.springframework.web.servlet.FrameworkServlet [http-nio-9191-exec-1] Initializing Servlet 'dispatcherServlet'
2023-05-03 17:11:34,249 INFO org.springframework.web.servlet.FrameworkServlet [http-nio-9191-exec-1] Completed initialization in 1 ms
2023-05-03 17:11:40,259 INFO com.raithanna.dairy.RaithannaDairy.controller.homeContoller [http-nio-9191-exec-4] home method info
2023-05-03 17:11:40,260 WARN com.raithanna.dairy.RaithannaDairy.controller.homeContoller [http-nio-9191-exec-4] home method warning
2023-05-03 17:11:40,261 ERROR com.raithanna.dairy.RaithannaDairy.controller.homeContoller [http-nio-9191-exec-4] home method error
2023-05-03 17:11:40,439 INFO com.raithanna.dairy.RaithannaDairy.controller.homeContoller [http-nio-9191-exec-5] home method info
2023-05-03 17:11:40,440 WARN com.raithanna.dairy.RaithannaDairy.controller.homeContoller [http-nio-9191-exec-5] home method warning
2023-05-03 17:11:40,440 ERROR com.raithanna.dairy.RaithannaDairy.controller.homeContoller [http-nio-9191-exec-5] home method error
2023-05-03 17:38:22,408 WARN com.zaxxer.hikari.pool.HikariPool$HouseKeeper [HikariPool-1 housekeeper] HikariPool-1 - Thread starvation or clock leap detected (housekeeper delta=23m28s744ms518µs700ns).
2023-05-03 17:52:42,630 WARN com.zaxxer.hikari.pool.HikariPool$HouseKeeper [HikariPool-1 housekeeper] HikariPool-1 - Thread starvation or clock leap detected (housekeeper delta=11m20s166ms888µs300ns).
2023-05-03 17:58:13,317 WARN com.zaxxer.hikari.pool.HikariPool$HouseKeeper [HikariPool-1 housekeeper] HikariPool-1 - Thread starvation or clock leap detected (housekeeper delta=2m30s637ms405µs).
